/workspace/Trading-Bot/ethereumbotv2.py:324: DeprecationWarning: datetime.datetime.utcnow() is deprecated and scheduled for removal in a future version. Use timezone-aware objects to represent datetimes in UTC: datetime.datetime.now(datetime.UTC).
  timestamp = datetime.utcnow().isoformat() + "Z"
{"timestamp": "2025-10-24T23:14:11.946083Z", "level": "INFO", "bot": "advanced-crypto-bot", "message": "Starting advanced CryptoBot", "action": "startup"}
{"timestamp": "2025-10-24T23:14:14.157509Z", "level": "INFO", "bot": "advanced-crypto-bot", "message": "Processed v2 blocks", "action": "blocks_processed", "context": {"network": "v2", "from_block": 23650530, "to_block": 23650530, "pairs_found": 0}}
{"timestamp": "2025-10-24T23:14:14.258147Z", "level": "INFO", "bot": "advanced-crypto-bot", "message": "Processed v3 blocks", "action": "blocks_processed", "context": {"network": "v3", "from_block": 23650530, "to_block": 23650530, "pairs_found": 0}}
{"timestamp": "2025-10-24T23:14:27.414345Z", "level": "INFO", "bot": "advanced-crypto-bot", "message": "Processed v2 blocks", "action": "blocks_processed", "context": {"network": "v2", "from_block": 23650531, "to_block": 23650531, "pairs_found": 0}}
{"timestamp": "2025-10-24T23:14:27.557129Z", "level": "INFO", "bot": "advanced-crypto-bot", "message": "Processed v3 blocks", "action": "blocks_processed", "context": {"network": "v3", "from_block": 23650531, "to_block": 23650531, "pairs_found": 0}}
{"timestamp": "2025-10-24T23:14:38.663130Z", "level": "INFO", "bot": "advanced-crypto-bot", "message": "Processed v2 blocks", "action": "blocks_processed", "context": {"network": "v2", "from_block": 23650532, "to_block": 23650532, "pairs_found": 0}}
{"timestamp": "2025-10-24T23:14:38.761767Z", "level": "INFO", "bot": "advanced-crypto-bot", "message": "Processed v3 blocks", "action": "blocks_processed", "context": {"network": "v3", "from_block": 23650532, "to_block": 23650532, "pairs_found": 0}}
{"timestamp": "2025-10-24T23:14:51.551973Z", "level": "INFO", "bot": "advanced-crypto-bot", "message": "Processed v2 blocks", "action": "blocks_processed", "context": {"network": "v2", "from_block": 23650533, "to_block": 23650533, "pairs_found": 0}}
{"timestamp": "2025-10-24T23:14:51.651864Z", "level": "INFO", "bot": "advanced-crypto-bot", "message": "Processed v3 blocks", "action": "blocks_processed", "context": {"network": "v3", "from_block": 23650533, "to_block": 23650533, "pairs_found": 0}}
{"timestamp": "2025-10-24T23:15:02.378377Z", "level": "INFO", "bot": "advanced-crypto-bot", "message": "Processed v2 blocks", "action": "blocks_processed", "context": {"network": "v2", "from_block": 23650534, "to_block": 23650534, "pairs_found": 0}}
{"timestamp": "2025-10-24T23:15:02.552277Z", "level": "INFO", "bot": "advanced-crypto-bot", "message": "Processed v3 blocks", "action": "blocks_processed", "context": {"network": "v3", "from_block": 23650534, "to_block": 23650534, "pairs_found": 0}}
{"timestamp": "2025-10-24T23:15:11.395106Z", "level": "INFO", "bot": "advanced-crypto-bot", "message": "runtime_metrics", "action": "metrics", "context": {"pairs_scanned_per_min": 0.0, "passes": 0, "trades_placed": 0, "exceptions_per_min": 0.0, "queue_depth": {"passing_pairs": 0, "volume_checks": 0, "pending_rechecks": 0}, "api_error_rate": 0.0, "api_calls": 0, "average_rpc_latency_ms": 75.54}}
{"timestamp": "2025-10-24T23:15:13.197871Z", "level": "INFO", "bot": "advanced-crypto-bot", "message": "Processed v2 blocks", "action": "blocks_processed", "context": {"network": "v2", "from_block": 23650535, "to_block": 23650535, "pairs_found": 0}}
{"timestamp": "2025-10-24T23:15:13.298160Z", "level": "INFO", "bot": "advanced-crypto-bot", "message": "Processed v3 blocks", "action": "blocks_processed", "context": {"network": "v3", "from_block": 23650535, "to_block": 23650535, "pairs_found": 0}}
{"timestamp": "2025-10-24T23:15:28.155000Z", "level": "INFO", "bot": "advanced-crypto-bot", "message": "Processed v2 blocks", "action": "blocks_processed", "context": {"network": "v2", "from_block": 23650536, "to_block": 23650536, "pairs_found": 0}}
{"timestamp": "2025-10-24T23:15:28.439357Z", "level": "INFO", "bot": "advanced-crypto-bot", "message": "Processed v3 blocks", "action": "blocks_processed", "context": {"network": "v3", "from_block": 23650536, "to_block": 23650536, "pairs_found": 0}}
{"timestamp": "2025-10-24T23:15:37.025579Z", "level": "INFO", "bot": "advanced-crypto-bot", "message": "Processed v2 blocks", "action": "blocks_processed", "context": {"network": "v2", "from_block": 23650537, "to_block": 23650537, "pairs_found": 0}}
{"timestamp": "2025-10-24T23:15:37.173373Z", "level": "INFO", "bot": "advanced-crypto-bot", "message": "Processed v3 blocks", "action": "blocks_processed", "context": {"network": "v3", "from_block": 23650537, "to_block": 23650537, "pairs_found": 0}}
{"timestamp": "2025-10-24T23:15:50.072625Z", "level": "INFO", "bot": "advanced-crypto-bot", "message": "Processed v2 blocks", "action": "blocks_processed", "context": {"network": "v2", "from_block": 23650538, "to_block": 23650538, "pairs_found": 0}}
{"timestamp": "2025-10-24T23:15:50.260195Z", "level": "INFO", "bot": "advanced-crypto-bot", "message": "Processed v3 blocks", "action": "blocks_processed", "context": {"network": "v3", "from_block": 23650538, "to_block": 23650538, "pairs_found": 0}}
{"timestamp": "2025-10-24T23:16:02.952353Z", "level": "INFO", "bot": "advanced-crypto-bot", "message": "Processed v2 blocks", "action": "blocks_processed", "context": {"network": "v2", "from_block": 23650539, "to_block": 23650539, "pairs_found": 0}}
{"timestamp": "2025-10-24T23:16:03.081342Z", "level": "INFO", "bot": "advanced-crypto-bot", "message": "Processed v3 blocks", "action": "blocks_processed", "context": {"network": "v3", "from_block": 23650539, "to_block": 23650539, "pairs_found": 0}}
{"timestamp": "2025-10-24T23:16:11.396052Z", "level": "INFO", "bot": "advanced-crypto-bot", "message": "runtime_metrics", "action": "metrics", "context": {"pairs_scanned_per_min": 0.0, "passes": 0, "trades_placed": 0, "exceptions_per_min": 0.0, "queue_depth": {"passing_pairs": 0, "volume_checks": 0, "pending_rechecks": 0}, "api_error_rate": 0.0, "api_calls": 0, "average_rpc_latency_ms": 69.49}}
{"timestamp": "2025-10-24T23:16:13.767937Z", "level": "INFO", "bot": "advanced-crypto-bot", "message": "Processed v2 blocks", "action": "blocks_processed", "context": {"network": "v2", "from_block": 23650540, "to_block": 23650540, "pairs_found": 0}}
{"timestamp": "2025-10-24T23:16:13.883388Z", "level": "INFO", "bot": "advanced-crypto-bot", "message": "Processed v3 blocks", "action": "blocks_processed", "context": {"network": "v3", "from_block": 23650540, "to_block": 23650540, "pairs_found": 0}}
{"timestamp": "2025-10-24T23:16:26.722813Z", "level": "INFO", "bot": "advanced-crypto-bot", "message": "Processed v2 blocks", "action": "blocks_processed", "context": {"network": "v2", "from_block": 23650541, "to_block": 23650541, "pairs_found": 0}}
{"timestamp": "2025-10-24T23:16:26.870214Z", "level": "INFO", "bot": "advanced-crypto-bot", "message": "Processed v3 blocks", "action": "blocks_processed", "context": {"network": "v3", "from_block": 23650541, "to_block": 23650541, "pairs_found": 0}}
{"timestamp": "2025-10-24T23:16:37.537251Z", "level": "INFO", "bot": "advanced-crypto-bot", "message": "Processed v2 blocks", "action": "blocks_processed", "context": {"network": "v2", "from_block": 23650542, "to_block": 23650542, "pairs_found": 0}}
{"timestamp": "2025-10-24T23:16:37.672158Z", "level": "INFO", "bot": "advanced-crypto-bot", "message": "Processed v3 blocks", "action": "blocks_processed", "context": {"network": "v3", "from_block": 23650542, "to_block": 23650542, "pairs_found": 0}}
{"timestamp": "2025-10-24T23:16:51.631063Z", "level": "WARNING", "bot": "advanced-crypto-bot", "message": "[DexMissing] 0xC0889Ed8F40871824d4BcfdEB5F336216C7d8ca8 missing DexScreener data (not_listed)"}
{"timestamp": "2025-10-24T23:16:51.631352Z", "level": "INFO", "bot": "advanced-crypto-bot", "message": "0xC0889Ed8F40871824d4BcfdEB5F336216C7d8ca8 missing DexScreener data (not requeueing)", "action": "skip_pair", "pair": "0xC0889Ed8F40871824d4BcfdEB5F336216C7d8ca8", "context": {"dex_reason": "not_listed"}}
{"timestamp": "2025-10-24T23:16:51.631478Z", "level": "INFO", "bot": "advanced-crypto-bot", "message": "skip_missing_dexscreener", "action": "handle_new_pair_complete", "pair": "0xC0889Ed8F40871824d4BcfdEB5F336216C7d8ca8", "latency_ms": 720.49, "context": {"passes": 0, "total": 13, "reason": "not_listed"}}
{"timestamp": "2025-10-24T23:16:51.631894Z", "level": "INFO", "bot": "advanced-crypto-bot", "message": "Processed v2 blocks", "action": "blocks_processed", "context": {"network": "v2", "from_block": 23650543, "to_block": 23650543, "pairs_found": 1}}
{"timestamp": "2025-10-24T23:16:51.735862Z", "level": "INFO", "bot": "advanced-crypto-bot", "message": "Processed v3 blocks", "action": "blocks_processed", "context": {"network": "v3", "from_block": 23650543, "to_block": 23650543, "pairs_found": 0}}
{"timestamp": "2025-10-24T23:17:02.528620Z", "level": "INFO", "bot": "advanced-crypto-bot", "message": "Processed v2 blocks", "action": "blocks_processed", "context": {"network": "v2", "from_block": 23650544, "to_block": 23650544, "pairs_found": 0}}
{"timestamp": "2025-10-24T23:17:02.712665Z", "level": "INFO", "bot": "advanced-crypto-bot", "message": "Processed v3 blocks", "action": "blocks_processed", "context": {"network": "v3", "from_block": 23650544, "to_block": 23650544, "pairs_found": 0}}
{"timestamp": "2025-10-24T23:17:11.396746Z", "level": "INFO", "bot": "advanced-crypto-bot", "message": "runtime_metrics", "action": "metrics", "context": {"pairs_scanned_per_min": 1.0, "passes": 0, "trades_placed": 0, "exceptions_per_min": 0.0, "queue_depth": {"passing_pairs": 0, "volume_checks": 0, "pending_rechecks": 0}, "api_error_rate": 0.0, "api_calls": 2, "average_rpc_latency_ms": 75.44}}
{"timestamp": "2025-10-24T23:17:15.508398Z", "level": "INFO", "bot": "advanced-crypto-bot", "message": "Processed v2 blocks", "action": "blocks_processed", "context": {"network": "v2", "from_block": 23650545, "to_block": 23650545, "pairs_found": 0}}
{"timestamp": "2025-10-24T23:17:15.655350Z", "level": "INFO", "bot": "advanced-crypto-bot", "message": "Processed v3 blocks", "action": "blocks_processed", "context": {"network": "v3", "from_block": 23650545, "to_block": 23650545, "pairs_found": 0}}
{"timestamp": "2025-10-24T23:17:26.295585Z", "level": "INFO", "bot": "advanced-crypto-bot", "message": "Processed v2 blocks", "action": "blocks_processed", "context": {"network": "v2", "from_block": 23650546, "to_block": 23650546, "pairs_found": 0}}
{"timestamp": "2025-10-24T23:17:26.394792Z", "level": "INFO", "bot": "advanced-crypto-bot", "message": "Processed v3 blocks", "action": "blocks_processed", "context": {"network": "v3", "from_block": 23650546, "to_block": 23650546, "pairs_found": 0}}
{"timestamp": "2025-10-24T23:17:37.916878Z", "level": "INFO", "bot": "advanced-crypto-bot", "message": "Processed v2 blocks", "action": "blocks_processed", "context": {"network": "v2", "from_block": 23650547, "to_block": 23650547, "pairs_found": 0}}
{"timestamp": "2025-10-24T23:17:38.034555Z", "level": "INFO", "bot": "advanced-crypto-bot", "message": "Processed v3 blocks", "action": "blocks_processed", "context": {"network": "v3", "from_block": 23650547, "to_block": 23650547, "pairs_found": 0}}
{"timestamp": "2025-10-24T23:17:50.168761Z", "level": "INFO", "bot": "advanced-crypto-bot", "message": "Processed v2 blocks", "action": "blocks_processed", "context": {"network": "v2", "from_block": 23650548, "to_block": 23650548, "pairs_found": 0}}
{"timestamp": "2025-10-24T23:17:50.286632Z", "level": "INFO", "bot": "advanced-crypto-bot", "message": "Processed v3 blocks", "action": "blocks_processed", "context": {"network": "v3", "from_block": 23650548, "to_block": 23650548, "pairs_found": 0}}
{"timestamp": "2025-10-24T23:18:03.042510Z", "level": "INFO", "bot": "advanced-crypto-bot", "message": "Processed v2 blocks", "action": "blocks_processed", "context": {"network": "v2", "from_block": 23650549, "to_block": 23650549, "pairs_found": 0}}
{"timestamp": "2025-10-24T23:18:03.256831Z", "level": "INFO", "bot": "advanced-crypto-bot", "message": "Processed v3 blocks", "action": "blocks_processed", "context": {"network": "v3", "from_block": 23650549, "to_block": 23650549, "pairs_found": 0}}
{"timestamp": "2025-10-24T23:18:11.397472Z", "level": "INFO", "bot": "advanced-crypto-bot", "message": "runtime_metrics", "action": "metrics", "context": {"pairs_scanned_per_min": 0.0, "passes": 0, "trades_placed": 0, "exceptions_per_min": 0.0, "queue_depth": {"passing_pairs": 0, "volume_checks": 0, "pending_rechecks": 0}, "api_error_rate": 0.0, "api_calls": 0, "average_rpc_latency_ms": 103.14}}
{"timestamp": "2025-10-24T23:18:13.873168Z", "level": "INFO", "bot": "advanced-crypto-bot", "message": "Processed v2 blocks", "action": "blocks_processed", "context": {"network": "v2", "from_block": 23650550, "to_block": 23650550, "pairs_found": 0}}
{"timestamp": "2025-10-24T23:18:13.982887Z", "level": "INFO", "bot": "advanced-crypto-bot", "message": "Processed v3 blocks", "action": "blocks_processed", "context": {"network": "v3", "from_block": 23650550, "to_block": 23650550, "pairs_found": 0}}
{"timestamp": "2025-10-24T23:18:26.879379Z", "level": "INFO", "bot": "advanced-crypto-bot", "message": "Processed v2 blocks", "action": "blocks_processed", "context": {"network": "v2", "from_block": 23650551, "to_block": 23650551, "pairs_found": 0}}
{"timestamp": "2025-10-24T23:18:27.122617Z", "level": "INFO", "bot": "advanced-crypto-bot", "message": "Processed v3 blocks", "action": "blocks_processed", "context": {"network": "v3", "from_block": 23650551, "to_block": 23650551, "pairs_found": 0}}
{"timestamp": "2025-10-24T23:18:38.005416Z", "level": "INFO", "bot": "advanced-crypto-bot", "message": "Processed v2 blocks", "action": "blocks_processed", "context": {"network": "v2", "from_block": 23650552, "to_block": 23650552, "pairs_found": 0}}
{"timestamp": "2025-10-24T23:18:38.167073Z", "level": "INFO", "bot": "advanced-crypto-bot", "message": "Processed v3 blocks", "action": "blocks_processed", "context": {"network": "v3", "from_block": 23650552, "to_block": 23650552, "pairs_found": 0}}
{"timestamp": "2025-10-24T23:18:50.992084Z", "level": "INFO", "bot": "advanced-crypto-bot", "message": "Processed v2 blocks", "action": "blocks_processed", "context": {"network": "v2", "from_block": 23650553, "to_block": 23650553, "pairs_found": 0}}
{"timestamp": "2025-10-24T23:18:51.129720Z", "level": "INFO", "bot": "advanced-crypto-bot", "message": "Processed v3 blocks", "action": "blocks_processed", "context": {"network": "v3", "from_block": 23650553, "to_block": 23650553, "pairs_found": 0}}
{"timestamp": "2025-10-24T23:19:01.981383Z", "level": "INFO", "bot": "advanced-crypto-bot", "message": "Processed v2 blocks", "action": "blocks_processed", "context": {"network": "v2", "from_block": 23650554, "to_block": 23650554, "pairs_found": 0}}
{"timestamp": "2025-10-24T23:19:02.100877Z", "level": "INFO", "bot": "advanced-crypto-bot", "message": "Processed v3 blocks", "action": "blocks_processed", "context": {"network": "v3", "from_block": 23650554, "to_block": 23650554, "pairs_found": 0}}
{"timestamp": "2025-10-24T23:19:11.398518Z", "level": "INFO", "bot": "advanced-crypto-bot", "message": "runtime_metrics", "action": "metrics", "context": {"pairs_scanned_per_min": 0.0, "passes": 0, "trades_placed": 0, "exceptions_per_min": 0.0, "queue_depth": {"passing_pairs": 0, "volume_checks": 0, "pending_rechecks": 0}, "api_error_rate": 0.0, "api_calls": 0, "average_rpc_latency_ms": 76.26}}
{"timestamp": "2025-10-24T23:19:15.038370Z", "level": "INFO", "bot": "advanced-crypto-bot", "message": "Processed v2 blocks", "action": "blocks_processed", "context": {"network": "v2", "from_block": 23650555, "to_block": 23650555, "pairs_found": 0}}
{"timestamp": "2025-10-24T23:19:15.150063Z", "level": "INFO", "bot": "advanced-crypto-bot", "message": "Processed v3 blocks", "action": "blocks_processed", "context": {"network": "v3", "from_block": 23650555, "to_block": 23650555, "pairs_found": 0}}
{"timestamp": "2025-10-24T23:19:28.027016Z", "level": "INFO", "bot": "advanced-crypto-bot", "message": "Processed v2 blocks", "action": "blocks_processed", "context": {"network": "v2", "from_block": 23650556, "to_block": 23650556, "pairs_found": 0}}
{"timestamp": "2025-10-24T23:19:28.174032Z", "level": "INFO", "bot": "advanced-crypto-bot", "message": "Processed v3 blocks", "action": "blocks_processed", "context": {"network": "v3", "from_block": 23650556, "to_block": 23650556, "pairs_found": 0}}
{"timestamp": "2025-10-24T23:19:39.028705Z", "level": "INFO", "bot": "advanced-crypto-bot", "message": "Processed v2 blocks", "action": "blocks_processed", "context": {"network": "v2", "from_block": 23650557, "to_block": 23650557, "pairs_found": 0}}
{"timestamp": "2025-10-24T23:19:39.202033Z", "level": "INFO", "bot": "advanced-crypto-bot", "message": "Processed v3 blocks", "action": "blocks_processed", "context": {"network": "v3", "from_block": 23650557, "to_block": 23650557, "pairs_found": 0}}
{"timestamp": "2025-10-24T23:19:49.896771Z", "level": "INFO", "bot": "advanced-crypto-bot", "message": "Processed v2 blocks", "action": "blocks_processed", "context": {"network": "v2", "from_block": 23650558, "to_block": 23650558, "pairs_found": 0}}
{"timestamp": "2025-10-24T23:19:50.042917Z", "level": "INFO", "bot": "advanced-crypto-bot", "message": "Processed v3 blocks", "action": "blocks_processed", "context": {"network": "v3", "from_block": 23650558, "to_block": 23650558, "pairs_found": 0}}
{"timestamp": "2025-10-24T23:20:02.941880Z", "level": "INFO", "bot": "advanced-crypto-bot", "message": "Processed v2 blocks", "action": "blocks_processed", "context": {"network": "v2", "from_block": 23650559, "to_block": 23650559, "pairs_found": 0}}
{"timestamp": "2025-10-24T23:20:03.044655Z", "level": "INFO", "bot": "advanced-crypto-bot", "message": "Processed v3 blocks", "action": "blocks_processed", "context": {"network": "v3", "from_block": 23650559, "to_block": 23650559, "pairs_found": 0}}
{"timestamp": "2025-10-24T23:20:11.399417Z", "level": "INFO", "bot": "advanced-crypto-bot", "message": "runtime_metrics", "action": "metrics", "context": {"pairs_scanned_per_min": 0.0, "passes": 0, "trades_placed": 0, "exceptions_per_min": 0.0, "queue_depth": {"passing_pairs": 0, "volume_checks": 0, "pending_rechecks": 0}, "api_error_rate": 0.0, "api_calls": 0, "average_rpc_latency_ms": 73.8}}
{"timestamp": "2025-10-24T23:20:13.729508Z", "level": "INFO", "bot": "advanced-crypto-bot", "message": "Processed v2 blocks", "action": "blocks_processed", "context": {"network": "v2", "from_block": 23650560, "to_block": 23650560, "pairs_found": 0}}
{"timestamp": "2025-10-24T23:20:13.868140Z", "level": "INFO", "bot": "advanced-crypto-bot", "message": "Processed v3 blocks", "action": "blocks_processed", "context": {"network": "v3", "from_block": 23650560, "to_block": 23650560, "pairs_found": 0}}
{"timestamp": "2025-10-24T23:20:26.637312Z", "level": "INFO", "bot": "advanced-crypto-bot", "message": "Processed v2 blocks", "action": "blocks_processed", "context": {"network": "v2", "from_block": 23650561, "to_block": 23650561, "pairs_found": 0}}
{"timestamp": "2025-10-24T23:20:26.786929Z", "level": "INFO", "bot": "advanced-crypto-bot", "message": "Processed v3 blocks", "action": "blocks_processed", "context": {"network": "v3", "from_block": 23650561, "to_block": 23650561, "pairs_found": 0}}
{"timestamp": "2025-10-24T23:20:37.513409Z", "level": "INFO", "bot": "advanced-crypto-bot", "message": "Processed v2 blocks", "action": "blocks_processed", "context": {"network": "v2", "from_block": 23650562, "to_block": 23650562, "pairs_found": 0}}
{"timestamp": "2025-10-24T23:20:37.659898Z", "level": "INFO", "bot": "advanced-crypto-bot", "message": "Processed v3 blocks", "action": "blocks_processed", "context": {"network": "v3", "from_block": 23650562, "to_block": 23650562, "pairs_found": 0}}
{"timestamp": "2025-10-24T23:20:50.471719Z", "level": "INFO", "bot": "advanced-crypto-bot", "message": "Processed v2 blocks", "action": "blocks_processed", "context": {"network": "v2", "from_block": 23650563, "to_block": 23650563, "pairs_found": 0}}
{"timestamp": "2025-10-24T23:20:50.590079Z", "level": "INFO", "bot": "advanced-crypto-bot", "message": "Processed v3 blocks", "action": "blocks_processed", "context": {"network": "v3", "from_block": 23650563, "to_block": 23650563, "pairs_found": 0}}
{"timestamp": "2025-10-24T23:21:01.435415Z", "level": "INFO", "bot": "advanced-crypto-bot", "message": "Processed v2 blocks", "action": "blocks_processed", "context": {"network": "v2", "from_block": 23650564, "to_block": 23650564, "pairs_found": 0}}
{"timestamp": "2025-10-24T23:21:01.536462Z", "level": "INFO", "bot": "advanced-crypto-bot", "message": "Processed v3 blocks", "action": "blocks_processed", "context": {"network": "v3", "from_block": 23650564, "to_block": 23650564, "pairs_found": 0}}
{"timestamp": "2025-10-24T23:21:11.400084Z", "level": "INFO", "bot": "advanced-crypto-bot", "message": "runtime_metrics", "action": "metrics", "context": {"pairs_scanned_per_min": 0.0, "passes": 0, "trades_placed": 0, "exceptions_per_min": 0.0, "queue_depth": {"passing_pairs": 0, "volume_checks": 0, "pending_rechecks": 0}, "api_error_rate": 0.0, "api_calls": 0, "average_rpc_latency_ms": 69.16}}
{"timestamp": "2025-10-24T23:21:14.386167Z", "level": "INFO", "bot": "advanced-crypto-bot", "message": "Processed v2 blocks", "action": "blocks_processed", "context": {"network": "v2", "from_block": 23650565, "to_block": 23650565, "pairs_found": 0}}
{"timestamp": "2025-10-24T23:21:14.549153Z", "level": "INFO", "bot": "advanced-crypto-bot", "message": "Processed v3 blocks", "action": "blocks_processed", "context": {"network": "v3", "from_block": 23650565, "to_block": 23650565, "pairs_found": 0}}
{"timestamp": "2025-10-24T23:21:25.314001Z", "level": "INFO", "bot": "advanced-crypto-bot", "message": "Processed v2 blocks", "action": "blocks_processed", "context": {"network": "v2", "from_block": 23650566, "to_block": 23650566, "pairs_found": 0}}
{"timestamp": "2025-10-24T23:21:25.413200Z", "level": "INFO", "bot": "advanced-crypto-bot", "message": "Processed v3 blocks", "action": "blocks_processed", "context": {"network": "v3", "from_block": 23650566, "to_block": 23650566, "pairs_found": 0}}
{"timestamp": "2025-10-24T23:21:38.285705Z", "level": "INFO", "bot": "advanced-crypto-bot", "message": "Processed v2 blocks", "action": "blocks_processed", "context": {"network": "v2", "from_block": 23650567, "to_block": 23650567, "pairs_found": 0}}
{"timestamp": "2025-10-24T23:21:38.386053Z", "level": "INFO", "bot": "advanced-crypto-bot", "message": "Processed v3 blocks", "action": "blocks_processed", "context": {"network": "v3", "from_block": 23650567, "to_block": 23650567, "pairs_found": 0}}
{"timestamp": "2025-10-24T23:21:51.790529Z", "level": "WARNING", "bot": "advanced-crypto-bot", "message": "[DexMissing] 0x34E23e3cFb22fC134bC725bbCCc5c854AC54Eb31 missing DexScreener data (not_listed)"}
{"timestamp": "2025-10-24T23:21:51.790774Z", "level": "INFO", "bot": "advanced-crypto-bot", "message": "0x34E23e3cFb22fC134bC725bbCCc5c854AC54Eb31 missing DexScreener data (not requeueing)", "action": "skip_pair", "pair": "0x34E23e3cFb22fC134bC725bbCCc5c854AC54Eb31", "context": {"dex_reason": "not_listed"}}
{"timestamp": "2025-10-24T23:21:51.790869Z", "level": "INFO", "bot": "advanced-crypto-bot", "message": "skip_missing_dexscreener", "action": "handle_new_pair_complete", "pair": "0x34E23e3cFb22fC134bC725bbCCc5c854AC54Eb31", "latency_ms": 541.85, "context": {"passes": 0, "total": 13, "reason": "not_listed"}}
{"timestamp": "2025-10-24T23:21:51.791453Z", "level": "INFO", "bot": "advanced-crypto-bot", "message": "Processed v2 blocks", "action": "blocks_processed", "context": {"network": "v2", "from_block": 23650568, "to_block": 23650568, "pairs_found": 1}}
{"timestamp": "2025-10-24T23:21:51.965771Z", "level": "INFO", "bot": "advanced-crypto-bot", "message": "Processed v3 blocks", "action": "blocks_processed", "context": {"network": "v3", "from_block": 23650568, "to_block": 23650568, "pairs_found": 0}}
{"timestamp": "2025-10-24T23:22:02.677441Z", "level": "INFO", "bot": "advanced-crypto-bot", "message": "Processed v2 blocks", "action": "blocks_processed", "context": {"network": "v2", "from_block": 23650569, "to_block": 23650569, "pairs_found": 0}}
{"timestamp": "2025-10-24T23:22:02.776713Z", "level": "INFO", "bot": "advanced-crypto-bot", "message": "Processed v3 blocks", "action": "blocks_processed", "context": {"network": "v3", "from_block": 23650569, "to_block": 23650569, "pairs_found": 0}}
{"timestamp": "2025-10-24T23:22:11.400785Z", "level": "INFO", "bot": "advanced-crypto-bot", "message": "runtime_metrics", "action": "metrics", "context": {"pairs_scanned_per_min": 1.0, "passes": 0, "trades_placed": 0, "exceptions_per_min": 0.0, "queue_depth": {"passing_pairs": 0, "volume_checks": 0, "pending_rechecks": 0}, "api_error_rate": 0.0, "api_calls": 2, "average_rpc_latency_ms": 69.83}}
{"timestamp": "2025-10-24T23:22:13.452628Z", "level": "INFO", "bot": "advanced-crypto-bot", "message": "Processed v2 blocks", "action": "blocks_processed", "context": {"network": "v2", "from_block": 23650570, "to_block": 23650570, "pairs_found": 0}}
{"timestamp": "2025-10-24T23:22:13.622621Z", "level": "INFO", "bot": "advanced-crypto-bot", "message": "Processed v3 blocks", "action": "blocks_processed", "context": {"network": "v3", "from_block": 23650570, "to_block": 23650570, "pairs_found": 0}}
{"timestamp": "2025-10-24T23:22:26.576135Z", "level": "INFO", "bot": "advanced-crypto-bot", "message": "Processed v2 blocks", "action": "blocks_processed", "context": {"network": "v2", "from_block": 23650571, "to_block": 23650571, "pairs_found": 0}}
{"timestamp": "2025-10-24T23:22:26.686166Z", "level": "INFO", "bot": "advanced-crypto-bot", "message": "Processed v3 blocks", "action": "blocks_processed", "context": {"network": "v3", "from_block": 23650571, "to_block": 23650571, "pairs_found": 0}}
{"timestamp": "2025-10-24T23:22:37.434622Z", "level": "INFO", "bot": "advanced-crypto-bot", "message": "Processed v2 blocks", "action": "blocks_processed", "context": {"network": "v2", "from_block": 23650572, "to_block": 23650572, "pairs_found": 0}}
{"timestamp": "2025-10-24T23:22:37.589382Z", "level": "INFO", "bot": "advanced-crypto-bot", "message": "Processed v3 blocks", "action": "blocks_processed", "context": {"network": "v3", "from_block": 23650572, "to_block": 23650572, "pairs_found": 0}}
{"timestamp": "2025-10-24T23:22:50.513748Z", "level": "INFO", "bot": "advanced-crypto-bot", "message": "Processed v2 blocks", "action": "blocks_processed", "context": {"network": "v2", "from_block": 23650573, "to_block": 23650573, "pairs_found": 0}}
{"timestamp": "2025-10-24T23:22:50.625345Z", "level": "INFO", "bot": "advanced-crypto-bot", "message": "Processed v3 blocks", "action": "blocks_processed", "context": {"network": "v3", "from_block": 23650573, "to_block": 23650573, "pairs_found": 0}}
{"timestamp": "2025-10-24T23:23:03.964088Z", "level": "WARNING", "bot": "advanced-crypto-bot", "message": "[DexMissing] 0xc250Bed132d9C6348EcAbeE1d4D33B3FB90a86dC missing DexScreener data (not_listed)"}
{"timestamp": "2025-10-24T23:23:03.964319Z", "level": "INFO", "bot": "advanced-crypto-bot", "message": "0xc250Bed132d9C6348EcAbeE1d4D33B3FB90a86dC missing DexScreener data (not requeueing)", "action": "skip_pair", "pair": "0xc250Bed132d9C6348EcAbeE1d4D33B3FB90a86dC", "context": {"dex_reason": "not_listed"}}
{"timestamp": "2025-10-24T23:23:03.964429Z", "level": "INFO", "bot": "advanced-crypto-bot", "message": "skip_missing_dexscreener", "action": "handle_new_pair_complete", "pair": "0xc250Bed132d9C6348EcAbeE1d4D33B3FB90a86dC", "latency_ms": 521.03, "context": {"passes": 0, "total": 13, "reason": "not_listed"}}
{"timestamp": "2025-10-24T23:23:03.964869Z", "level": "INFO", "bot": "advanced-crypto-bot", "message": "Processed v2 blocks", "action": "blocks_processed", "context": {"network": "v2", "from_block": 23650574, "to_block": 23650574, "pairs_found": 1}}
{"timestamp": "2025-10-24T23:23:04.069584Z", "level": "INFO", "bot": "advanced-crypto-bot", "message": "Processed v3 blocks", "action": "blocks_processed", "context": {"network": "v3", "from_block": 23650574, "to_block": 23650574, "pairs_found": 0}}
{"timestamp": "2025-10-24T23:23:11.401509Z", "level": "INFO", "bot": "advanced-crypto-bot", "message": "runtime_metrics", "action": "metrics", "context": {"pairs_scanned_per_min": 1.0, "passes": 0, "trades_placed": 0, "exceptions_per_min": 0.0, "queue_depth": {"passing_pairs": 0, "volume_checks": 0, "pending_rechecks": 0}, "api_error_rate": 0.0, "api_calls": 2, "average_rpc_latency_ms": 72.53}}
{"timestamp": "2025-10-24T23:23:14.763256Z", "level": "INFO", "bot": "advanced-crypto-bot", "message": "Processed v2 blocks", "action": "blocks_processed", "context": {"network": "v2", "from_block": 23650575, "to_block": 23650575, "pairs_found": 0}}
{"timestamp": "2025-10-24T23:23:14.885591Z", "level": "INFO", "bot": "advanced-crypto-bot", "message": "Processed v3 blocks", "action": "blocks_processed", "context": {"network": "v3", "from_block": 23650575, "to_block": 23650575, "pairs_found": 0}}
{"timestamp": "2025-10-24T23:23:26.024668Z", "level": "INFO", "bot": "advanced-crypto-bot", "message": "Processed v2 blocks", "action": "blocks_processed", "context": {"network": "v2", "from_block": 23650576, "to_block": 23650576, "pairs_found": 0}}
{"timestamp": "2025-10-24T23:23:26.158667Z", "level": "INFO", "bot": "advanced-crypto-bot", "message": "Processed v3 blocks", "action": "blocks_processed", "context": {"network": "v3", "from_block": 23650576, "to_block": 23650576, "pairs_found": 0}}
{"timestamp": "2025-10-24T23:23:39.096149Z", "level": "INFO", "bot": "advanced-crypto-bot", "message": "Processed v2 blocks", "action": "blocks_processed", "context": {"network": "v2", "from_block": 23650577, "to_block": 23650577, "pairs_found": 0}}
{"timestamp": "2025-10-24T23:23:39.203631Z", "level": "INFO", "bot": "advanced-crypto-bot", "message": "Processed v3 blocks", "action": "blocks_processed", "context": {"network": "v3", "from_block": 23650577, "to_block": 23650577, "pairs_found": 0}}
{"timestamp": "2025-10-24T23:23:52.180426Z", "level": "INFO", "bot": "advanced-crypto-bot", "message": "Processed v2 blocks", "action": "blocks_processed", "context": {"network": "v2", "from_block": 23650578, "to_block": 23650578, "pairs_found": 0}}
{"timestamp": "2025-10-24T23:23:52.404588Z", "level": "INFO", "bot": "advanced-crypto-bot", "message": "Processed v3 blocks", "action": "blocks_processed", "context": {"network": "v3", "from_block": 23650578, "to_block": 23650578, "pairs_found": 0}}
{"timestamp": "2025-10-24T23:24:03.091373Z", "level": "INFO", "bot": "advanced-crypto-bot", "message": "Processed v2 blocks", "action": "blocks_processed", "context": {"network": "v2", "from_block": 23650579, "to_block": 23650579, "pairs_found": 0}}
{"timestamp": "2025-10-24T23:24:03.229506Z", "level": "INFO", "bot": "advanced-crypto-bot", "message": "Processed v3 blocks", "action": "blocks_processed", "context": {"network": "v3", "from_block": 23650579, "to_block": 23650579, "pairs_found": 0}}
